{
   "cmd" : "MESSAGE",
   "msg" : "haha",
   "nick_name" : "1",
   "school" : "1"
}

121.42.50.187
register done...
{
   "cmd" : "MESSAGE",
   "msg" : "haha",
   "nick_name" : "1",
   "school" : "1"
}

broadcast: 
{
   "cmd" : "MESSAGE",
   "msg" : "haha",
   "nick_name" : "1",
   "school" : "1"
}

{
   "cmd" : "MESSAGE",
   "msg" : "you",
   "nick_name" : "1",
   "school" : "1"
}

121.42.50.187
register done...
{
   "cmd" : "MESSAGE",
   "msg" : "you",
   "nick_name" : "1",
   "school" : "1"
}

broadcast: 
{
   "cmd" : "MESSAGE",
   "msg" : "you",
   "nick_name" : "1",
   "school" : "1"
}

{
   "cmd" : "MESSAGE",
   "msg" : "are",
   "nick_name" : "1",
   "school" : "1"
}

121.42.50.187
register done...
{
   "cmd" : "MESSAGE",
   "msg" : "are",
   "nick_name" : "1",
   "school" : "1"
}

broadcast: 
{
   "cmd" : "MESSAGE",
   "msg" : "are",
   "nick_name" : "1",
   "school" : "1"
}

{
   "cmd" : "MESSAGE",
   "msg" : "die",
   "nick_name" : "1",
   "school" : "1"
}

121.42.50.187
register done...
{
   "cmd" : "MESSAGE",
   "msg" : "die",
   "nick_name" : "1",
   "school" : "1"
}

broadcast: 
{
   "cmd" : "MESSAGE",
   "msg" : "die",
   "nick_name" : "1",
   "school" : "1"
}

{
   "cmd" : "MESSAGE",
   "msg" : "what the fuck",
   "nick_name" : "1",
   "school" : "1"
}

121.42.50.187
register done...
{
   "cmd" : "MESSAGE",
   "msg" : "what the fuck",
   "nick_name" : "1",
   "school" : "1"
}

broadcast: 
{
   "cmd" : "MESSAGE",
   "msg" : "what the fuck",
   "nick_name" : "1",
   "school" : "1"
}

{
   "cmd" : "MESSAGE",
   "msg" : ":wq",
   "nick_name" : "1",
   "school" : "1"
}

121.42.50.187
register done...
{
   "cmd" : "MESSAGE",
   "msg" : ":wq",
   "nick_name" : "1",
   "school" : "1"
}

broadcast: 
{
   "cmd" : "MESSAGE",
   "msg" : ":wq",
   "nick_name" : "1",
   "school" : "1"
}

{
   "cmd" : "MESSAGE",
   "msg" : "",
   "nick_name" : "1",
   "school" : "1"
}

121.42.50.187
register done...
{
   "cmd" : "MESSAGE",
   "msg" : "",
   "nick_name" : "1",
   "school" : "1"
}

broadcast: 
{
   "cmd" : "MESSAGE",
   "msg" : "",
   "nick_name" : "1",
   "school" : "1"
}

{
   "cmd" : "MESSAGE",
   "msg" : "",
   "nick_name" : "1",
   "school" : "1"
}

121.42.50.187
register done...
{
   "cmd" : "MESSAGE",
   "msg" : "",
   "nick_name" : "1",
   "school" : "1"
}

broadcast: 
{
   "cmd" : "MESSAGE",
   "msg" : "",
   "nick_name" : "1",
   "school" : "1"
}

{
   "cmd" : "MESSAGE",
   "msg" : "",
   "nick_name" : "1",
   "school" : "1"
}

121.42.50.187
register done...
{
   "cmd" : "MESSAGE",
   "msg" : "",
   "nick_name" : "1",
   "school" : "1"
}

broadcast: 
{
   "cmd" : "MESSAGE",
   "msg" : "",
   "nick_name" : "1",
   "school" : "1"
}

{
   "cmd" : "MESSAGE",
   "msg" : "",
   "nick_name" : "1",
   "school" : "1"
}

121.42.50.187
register done...
{
   "cmd" : "MESSAGE",
   "msg" : "",
   "nick_name" : "1",
   "school" : "1"
}

broadcast: 
{
   "cmd" : "MESSAGE",
   "msg" : "",
   "nick_name" : "1",
   "school" : "1"
}

{
   "cmd" : "MESSAGE",
   "msg" : "",
   "nick_name" : "King",
   "school" : "cc"
}

111.114.40.38
register done...
{
   "cmd" : "MESSAGE",
   "msg" : "",
   "nick_name" : "King",
   "school" : "cc"
}

broadcast: 
{
   "cmd" : "MESSAGE",
   "msg" : "",
   "nick_name" : "King",
   "school" : "cc"
}

broadcast: 
{
   "cmd" : "MESSAGE",
   "msg" : "",
   "nick_name" : "King",
   "school" : "cc"
}

{
   "cmd" : "MESSAGE",
   "msg" : "",
   "nick_name" : "King",
   "school" : "cc"
}

111.114.40.38
register done...
{
   "cmd" : "MESSAGE",
   "msg" : "",
   "nick_name" : "King",
   "school" : "cc"
}

broadcast: 
{
   "cmd" : "MESSAGE",
   "msg" : "",
   "nick_name" : "King",
   "school" : "cc"
}

broadcast: 
{
   "cmd" : "MESSAGE",
   "msg" : "",
   "nick_name" : "King",
   "school" : "cc"
}

{
   "cmd" : "MESSAGE",
   "msg" : "",
   "nick_name" : "King",
   "school" : "cc"
}

111.114.40.38
register done...
{
   "cmd" : "MESSAGE",
   "msg" : "",
   "nick_name" : "King",
   "school" : "cc"
}

broadcast: 
{
   "cmd" : "MESSAGE",
   "msg" : "",
   "nick_name" : "King",
   "school" : "cc"
}

broadcast: 
{
   "cmd" : "MESSAGE",
   "msg" : "",
   "nick_name" : "King",
   "school" : "cc"
}

{
   "cmd" : "MESSAGE",
   "msg" : "c",
   "nick_name" : "King",
   "school" : "cc"
}

111.114.40.38
register done...
{
   "cmd" : "MESSAGE",
   "msg" : "c",
   "nick_name" : "King",
   "school" : "cc"
}

broadcast: 
{
   "cmd" : "MESSAGE",
   "msg" : "c",
   "nick_name" : "King",
   "school" : "cc"
}

broadcast: 
{
   "cmd" : "MESSAGE",
   "msg" : "c",
   "nick_name" : "King",
   "school" : "cc"
}

{
   "cmd" : "MESSAGE",
   "msg" : "",
   "nick_name" : "King",
   "school" : "cc"
}

111.114.40.38
register done...
{
   "cmd" : "MESSAGE",
   "msg" : "",
   "nick_name" : "King",
   "school" : "cc"
}

broadcast: 
{
   "cmd" : "MESSAGE",
   "msg" : "",
   "nick_name" : "King",
   "school" : "cc"
}

broadcast: 
{
   "cmd" : "MESSAGE",
   "msg" : "",
   "nick_name" : "King",
   "school" : "cc"
}

{
   "cmd" : "MESSAGE",
   "msg" : "",
   "nick_name" : "King",
   "school" : "cc"
}

111.114.40.38
register done...
{
   "cmd" : "MESSAGE",
   "msg" : "",
   "nick_name" : "King",
   "school" : "cc"
}

broadcast: 
{
   "cmd" : "MESSAGE",
   "msg" : "",
   "nick_name" : "King",
   "school" : "cc"
}

broadcast: 
{
   "cmd" : "MESSAGE",
   "msg" : "",
   "nick_name" : "King",
   "school" : "cc"
}

{
   "cmd" : "MESSAGE",
   "msg" : "",
   "nick_name" : "King",
   "school" : "cc"
}

111.114.40.38
register done...
{
   "cmd" : "MESSAGE",
   "msg" : "",
   "nick_name" : "King",
   "school" : "cc"
}

broadcast: 
{
   "cmd" : "MESSAGE",
   "msg" : "",
   "nick_name" : "King",
   "school" : "cc"
}

broadcast: 
{
   "cmd" : "MESSAGE",
   "msg" : "",
   "nick_name" : "King",
   "school" : "cc"
}

{
   "cmd" : "MESSAGE",
   "msg" : "",
   "nick_name" : "King",
   "school" : "cc"
}

111.114.40.38
register done...
{
   "cmd" : "MESSAGE",
   "msg" : "",
   "nick_name" : "King",
   "school" : "cc"
}

broadcast: 
{
   "cmd" : "MESSAGE",
   "msg" : "",
   "nick_name" : "King",
   "school" : "cc"
}

broadcast: 
{
   "cmd" : "MESSAGE",
   "msg" : "",
   "nick_name" : "King",
   "school" : "cc"
}

{
   "cmd" : "MESSAGE",
   "msg" : "c",
   "nick_name" : "King",
   "school" : "cc"
}

111.114.40.38
register done...
{
   "cmd" : "MESSAGE",
   "msg" : "c",
   "nick_name" : "King",
   "school" : "cc"
}

broadcast: 
{
   "cmd" : "MESSAGE",
   "msg" : "c",
   "nick_name" : "King",
   "school" : "cc"
}

broadcast: 
{
   "cmd" : "MESSAGE",
   "msg" : "c",
   "nick_name" : "King",
   "school" : "cc"
}

{
   "cmd" : "MESSAGE",
   "msg" : "hello?",
   "nick_name" : "king_of_qin",
   "school" : "sust"
}

111.114.40.38
register done...
{
   "cmd" : "MESSAGE",
   "msg" : "hello?",
   "nick_name" : "king_of_qin",
   "school" : "sust"
}

broadcast: 
{
   "cmd" : "MESSAGE",
   "msg" : "hello?",
   "nick_name" : "king_of_qin",
   "school" : "sust"
}

broadcast: 
{
   "cmd" : "MESSAGE",
   "msg" : "hello?",
   "nick_name" : "king_of_qin",
   "school" : "sust"
}

broadcast: 
{
   "cmd" : "MESSAGE",
   "msg" : "hello?",
   "nick_name" : "king_of_qin",
   "school" : "sust"
}

